<?xml version="1.0" encoding="UTF-8"?>
<!-- Generated by org.testng.reporters.JUnitReportReporter -->
<testsuite hostname="Lenovo" failures="0" tests="2" name="seleniumprojectPAVAN.FirstTestNG" time="11.344" errors="0" timestamp="2023-02-11T10:57:52 CST" skipped="0">
  <testcase classname="seleniumprojectPAVAN.FirstTestNG" name="Dashboard" time="10.033"/>
  <system-out/>
  <testcase classname="seleniumprojectPAVAN.FirstTestNG" name="Login" time="1.311"/>
  <system-out/>
</testsuite> <!-- seleniumprojectPAVAN.FirstTestNG -->
